 * Serving Flask app 'restAPI' (lazy loading)
 * Environment: production
   WARNING: This is a development server. Do not use it in a production deployment.
   Use a production WSGI server instead.
 * Debug mode: off
 * Running on http://192.168.13.71:8787/ (Press CTRL+C to quit)
192.168.13.87 - - [13/Jul/2022 16:47:24] "POST /ylbxcs HTTP/1.1" 200 -
192.168.13.87 - - [14/Jul/2022 10:03:04] "POST /ylbxcs HTTP/1.1" 200 -
192.168.13.87 - - [14/Jul/2022 10:11:40] "POST /ylbxcs HTTP/1.1" 200 -
192.168.13.87 - - [14/Jul/2022 10:13:16] "POST /ylbxcs HTTP/1.1" 200 -
/usr/python/calculate/code.py:219: RuntimeWarning: divide by zero encountered in true_divide
  temp1 = 12 / m[j][t0 - (x - r)]
/usr/python/calculate/code.py:220: RuntimeWarning: invalid value encountered in double_scalars
  return temp1 * temp_i(t0, x, r) * g_prod
/usr/python/calculate/code.py:219: RuntimeWarning: divide by zero encountered in true_divide
  temp1 = 12 / m[j][t0 - (x - r)]
/usr/python/calculate/code.py:220: RuntimeWarning: invalid value encountered in double_scalars
  return temp1 * temp_i(t0, x, r) * g_prod
/usr/python/calculate/code.py:219: RuntimeWarning: divide by zero encountered in true_divide
  temp1 = 12 / m[j][t0 - (x - r)]
/usr/python/calculate/code.py:220: RuntimeWarning: invalid value encountered in double_scalars
  return temp1 * temp_i(t0, x, r) * g_prod
/usr/python/calculate/code.py:219: RuntimeWarning: divide by zero encountered in true_divide
  temp1 = 12 / m[j][t0 - (x - r)]
/usr/python/calculate/code.py:220: RuntimeWarning: invalid value encountered in double_scalars
  return temp1 * temp_i(t0, x, r) * g_prod
/usr/python/calculate/code.py:219: RuntimeWarning: divide by zero encountered in true_divide
  temp1 = 12 / m[j][t0 - (x - r)]
/usr/python/calculate/code.py:220: RuntimeWarning: invalid value encountered in double_scalars
  return temp1 * temp_i(t0, x, r) * g_prod
/usr/python/calculate/code.py:219: RuntimeWarning: divide by zero encountered in true_divide
  temp1 = 12 / m[j][t0 - (x - r)]
/usr/python/calculate/code.py:220: RuntimeWarning: invalid value encountered in double_scalars
  return temp1 * temp_i(t0, x, r) * g_prod
/usr/python/calculate/code.py:219: RuntimeWarning: divide by zero encountered in true_divide
  temp1 = 12 / m[j][t0 - (x - r)]
/usr/python/calculate/code.py:220: RuntimeWarning: invalid value encountered in double_scalars
  return temp1 * temp_i(t0, x, r) * g_prod
192.168.13.87 - - [14/Jul/2022 10:22:11] "POST /ylbxcs HTTP/1.1" 200 -
172.16.1.2 - - [18/Jul/2022 15:56:22] "POST /ylbxcs HTTP/1.1" 200 -
192.168.13.87 - - [25/Jul/2022 14:20:07] "POST /ylbxcs HTTP/1.1" 200 -
